<?xml version="1.0" encoding="UTF-8"?>
<testsuite name="onboarding.ApplicationTest$Problem1Test" tests="3" skipped="0" failures="0" errors="0" timestamp="2023-01-13T10:12:01" hostname="Randys-MacBook-Pro.local" time="0.029">
  <properties/>
  <testcase name="case1()" classname="onboarding.ApplicationTest$Problem1Test" time="0.028"/>
  <testcase name="case2()" classname="onboarding.ApplicationTest$Problem1Test" time="0.001"/>
  <testcase name="case3()" classname="onboarding.ApplicationTest$Problem1Test" time="0.0"/>
  <system-out><![CDATA[2
]]></system-out>
  <system-err><![CDATA[]]></system-err>
</testsuite>
