<?xml version="1.0" encoding="UTF-8"?>
<testsuite name="onboarding.ApplicationTest$Problem2Test" tests="2" skipped="0" failures="0" errors="0" timestamp="2023-01-15T12:44:14" hostname="Randys-MacBook-Pro.local" time="0.031">
  <properties/>
  <testcase name="case1()" classname="onboarding.ApplicationTest$Problem2Test" time="0.03"/>
  <testcase name="case2()" classname="onboarding.ApplicationTest$Problem2Test" time="0.0"/>
  <system-out><![CDATA[]]></system-out>
  <system-err><![CDATA[]]></system-err>
</testsuite>
