<?xml version="1.0" encoding="UTF-8"?>
<testsuite name="onboarding.ApplicationTest$Problem3Test" tests="2" skipped="0" failures="0" errors="0" timestamp="2023-01-16T13:12:07" hostname="Randys-MacBook-Pro.local" time="0.032">
  <properties/>
  <testcase name="case1()" classname="onboarding.ApplicationTest$Problem3Test" time="0.031"/>
  <testcase name="case2()" classname="onboarding.ApplicationTest$Problem3Test" time="0.0"/>
  <system-out><![CDATA[]]></system-out>
  <system-err><![CDATA[]]></system-err>
</testsuite>
